<?xml version='1.0' encoding='UTF-8'?>
<testsuite hostname="ubuntu" name="RestSpecification" tests="2" errors="0" failures="2" time="6.207">
                     <properties>
[...]
</properties>
                     <testcase classname="RestSpecification" name="Chech getObject" time="4.71">
                                                 <failure message="Condition not satisfied:

response.data.country == 'US2'
|        |    |       |
|        |    US      false
|        |            1 difference (66% similarity)
|        |            US(-)
|        |            US(2)
|        [accountManagedResourcesFlag:false, accountStatusId:1001, address1:4849 Alpha Rd, allowedPptpVpnQuantity:2, brandId:2, city:Dallas, claimedTaxExemptTxFlag:false, companyName:SoftLayer Internal - Development Community, country:US, createDate:2014-02-04T10:33:56-06:00, email:pjackson@softlayer.com, firstName:Phil, id:307608, isReseller:0, lastName:Jackson, lateFeeProtectionFlag:true, modifyDate:2014-02-04T10:34:18-06:00, officePhone:281.714.3156, postalCode:75244-4608, state:TX, statusDate:null]
groovyx.net.http.HttpResponseDecorator@2699b91f
" type="org.spockframework.runtime.SpockComparisonFailure">Condition not satisfied:

response.data.country == 'US2'
|        |    |       |
|        |    US      false
|        |            1 difference (66% similarity)
|        |            US(-)
|        |            US(2)
|        [accountManagedResourcesFlag:false, accountStatusId:1001, address1:4849 Alpha Rd, allowedPptpVpnQuantity:2, brandId:2, city:Dallas, claimedTaxExemptTxFlag:false, companyName:SoftLayer Internal - Development Community, country:US, createDate:2014-02-04T10:33:56-06:00, email:pjackson@softlayer.com, firstName:Phil, id:307608, isReseller:0, lastName:Jackson, lateFeeProtectionFlag:true, modifyDate:2014-02-04T10:34:18-06:00, officePhone:281.714.3156, postalCode:75244-4608, state:TX, statusDate:null]
groovyx.net.http.HttpResponseDecorator@2699b91f

	at RestSpecification.Chech getObject(Foo.groovy:32)
</failure>
                                               </testcase><testcase classname="RestSpecification" name="Check if we can find multiple cities" time="1.497">
                                                 <failure message="Condition not satisfied:

response.data[0].users?.name == 438792
|        |   |   |      |    |
|        |   |   null   null false
|        |   [accountId:307608, bareMetalInstanceFlag:0, billingItem:[allowCancellationFlag:1, cancellationDate:null, categoryCode:server, createDate:2016-01-11T19:19:46-06:00, currentHourlyCharge:0, cycleStartDate:2016-04-03T23:08:22-06:00, description:Dual Intel Xeon E5-2690 v3 (12 Cores, 2.60 GHz), domainName:open-test.ibmcloud.com, hostName:100-node-compute10, hourlyRecurringFee:0, hoursUsed:611, id:80428917, laborFee:0, laborFeeTaxRate:0, lastBillDate:2016-04-03T23:08:22-06:00, modifyDate:2016-04-03T23:08:22-06:00, nextBillDate:2016-05-03T23:00:00-06:00, oneTimeFee:0, oneTimeFeeTaxRate:0, orderItemId:104066557, parentId:null, recurringFee:0, recurringFeeTaxRate:0, recurringMonths:1, resourceTableId:438792, serviceProviderId:1, setupFee:0, setupFeeTaxRate:0], domain:open-test.ibmcloud.com, fullyQualifiedDomainName:100-node-compute10.open-test.ibmcloud.com, globalIdentifier:a7830df6-4f1b-47e6-8b8a-ab5a49b8207c, hardwareFunction:[code:WEBSVR, description:Web Server, id:3], hardwareStatus:[id:5, status:ACTIVE], hardwareStatusId:5, hostname:100-node-compute10, id:438792, manufacturerSerialNumber:C819UAD44A10892, networkManagementIpAddress:10.130.45.229, notes:, primaryBackendIpAddress:10.130.6.91, primaryIpAddress:169.57.16.75, privateIpAddress:10.130.6.91, provisionDate:2016-01-11T19:58:40-06:00, serialNumber:SL018CIX, serviceProviderId:1, serviceProviderResourceId:null]
|        [[accountId:307608, bareMetalInstanceFlag:0, billingItem:[allowCancellationFlag:1, cancellationDate:null, categoryCode:server, createDate:2016-01-11T19:19:46-06:00, currentHourlyCharge:0, cycleStartDate:2016-04-03T23:08:22-06:00, description:Dual Intel Xeon E5-2690 v3 (12 Cores, 2.60 GHz), domainName:open-test.ibmcloud.com, hostName:100-node-compute10, hourlyRecurringFee:0, hoursUsed:611, id:80428917, laborFee:0, laborFeeTaxRate:0, lastBillDate:2016-04-03T23:08:22-06:00, modifyDate:2016-04-03T23:08:22-06:00, nextBillDate:2016-05-03T23:00:00-06:00, oneTimeFee:0, oneTimeFeeTaxRate:0, orderItemId:104066557, parentId:null, recurringFee:0, recurringFeeTaxRate:0, recurringMonths:1, resourceTableId:438792, serviceProviderId:1, setupFee:0, setupFeeTaxRate:0], domain:open-test.ibmcloud.com, fullyQualifiedDomainName:100-node-compute10.open-test.ibmcloud.com, globalIdentifier:a7830df6-4f1b-47e6-8b8a-ab5a49b8207c, hardwareFunction:[code:WEBSVR, description:Web Server, id:3], hardwareStatus:[id:5, status:ACTIVE], hardwareStatusId:5, hostname:100-node-compute10, id:438792, manufacturerSerialNumber:C819UAD44A10892, networkManagementIpAddress:10.130.45.229, notes:, primaryBackendIpAddress:10.130.6.91, primaryIpAddress:169.57.16.75, privateIpAddress:10.130.6.91, provisionDate:2016-01-11T19:58:40-06:00, serialNumber:SL018CIX, serviceProviderId:1, serviceProviderResourceId:null]]
groovyx.net.http.HttpResponseDecorator@561e83b
" type="org.spockframework.runtime.SpockComparisonFailure">Condition not satisfied:

response.data[0].users?.name == 438792
|        |   |   |      |    |
|        |   |   null   null false
|        |   [accountId:307608, bareMetalInstanceFlag:0, billingItem:[allowCancellationFlag:1, cancellationDate:null, categoryCode:server, createDate:2016-01-11T19:19:46-06:00, currentHourlyCharge:0, cycleStartDate:2016-04-03T23:08:22-06:00, description:Dual Intel Xeon E5-2690 v3 (12 Cores, 2.60 GHz), domainName:open-test.ibmcloud.com, hostName:100-node-compute10, hourlyRecurringFee:0, hoursUsed:611, id:80428917, laborFee:0, laborFeeTaxRate:0, lastBillDate:2016-04-03T23:08:22-06:00, modifyDate:2016-04-03T23:08:22-06:00, nextBillDate:2016-05-03T23:00:00-06:00, oneTimeFee:0, oneTimeFeeTaxRate:0, orderItemId:104066557, parentId:null, recurringFee:0, recurringFeeTaxRate:0, recurringMonths:1, resourceTableId:438792, serviceProviderId:1, setupFee:0, setupFeeTaxRate:0], domain:open-test.ibmcloud.com, fullyQualifiedDomainName:100-node-compute10.open-test.ibmcloud.com, globalIdentifier:a7830df6-4f1b-47e6-8b8a-ab5a49b8207c, hardwareFunction:[code:WEBSVR, description:Web Server, id:3], hardwareStatus:[id:5, status:ACTIVE], hardwareStatusId:5, hostname:100-node-compute10, id:438792, manufacturerSerialNumber:C819UAD44A10892, networkManagementIpAddress:10.130.45.229, notes:, primaryBackendIpAddress:10.130.6.91, primaryIpAddress:169.57.16.75, privateIpAddress:10.130.6.91, provisionDate:2016-01-11T19:58:40-06:00, serialNumber:SL018CIX, serviceProviderId:1, serviceProviderResourceId:null]
|        [[accountId:307608, bareMetalInstanceFlag:0, billingItem:[allowCancellationFlag:1, cancellationDate:null, categoryCode:server, createDate:2016-01-11T19:19:46-06:00, currentHourlyCharge:0, cycleStartDate:2016-04-03T23:08:22-06:00, description:Dual Intel Xeon E5-2690 v3 (12 Cores, 2.60 GHz), domainName:open-test.ibmcloud.com, hostName:100-node-compute10, hourlyRecurringFee:0, hoursUsed:611, id:80428917, laborFee:0, laborFeeTaxRate:0, lastBillDate:2016-04-03T23:08:22-06:00, modifyDate:2016-04-03T23:08:22-06:00, nextBillDate:2016-05-03T23:00:00-06:00, oneTimeFee:0, oneTimeFeeTaxRate:0, orderItemId:104066557, parentId:null, recurringFee:0, recurringFeeTaxRate:0, recurringMonths:1, resourceTableId:438792, serviceProviderId:1, setupFee:0, setupFeeTaxRate:0], domain:open-test.ibmcloud.com, fullyQualifiedDomainName:100-node-compute10.open-test.ibmcloud.com, globalIdentifier:a7830df6-4f1b-47e6-8b8a-ab5a49b8207c, hardwareFunction:[code:WEBSVR, description:Web Server, id:3], hardwareStatus:[id:5, status:ACTIVE], hardwareStatusId:5, hostname:100-node-compute10, id:438792, manufacturerSerialNumber:C819UAD44A10892, networkManagementIpAddress:10.130.45.229, notes:, primaryBackendIpAddress:10.130.6.91, primaryIpAddress:169.57.16.75, privateIpAddress:10.130.6.91, provisionDate:2016-01-11T19:58:40-06:00, serialNumber:SL018CIX, serviceProviderId:1, serviceProviderResourceId:null]]
groovyx.net.http.HttpResponseDecorator@561e83b

	at RestSpecification.Check if we can find multiple cities(Foo.groovy:48)
</failure>
                                               </testcase>
                     <system-out></system-out>
                     <system-err></system-err>
                   </testsuite>